0 info it worked if it ends with ok
1 verbose cli [ 'C:\\Program Files\\nodejs\\node.exe',
1 verbose cli   'C:\\Program Files\\nodejs\\node_modules\\npm\\bin\\npm-cli.js',
1 verbose cli   'start' ]
2 info using npm@4.1.2
3 info using node@v7.7.1
4 verbose run-script [ 'prestart', 'start', 'poststart' ]
5 info lifecycle MD2_webpack@1.0.0~prestart: MD2_webpack@1.0.0
6 silly lifecycle MD2_webpack@1.0.0~prestart: no script for prestart, continuing
7 info lifecycle MD2_webpack@1.0.0~start: MD2_webpack@1.0.0
8 verbose lifecycle MD2_webpack@1.0.0~start: unsafe-perm in lifecycle true
9 verbose lifecycle MD2_webpack@1.0.0~start: PATH: C:\Program Files\nodejs\node_modules\npm\bin\node-gyp-bin;C:\wamp\www\periode3\sct\md2_webpack_assignments\node_modules\.bin;C:\Users\Nino.MSI-Nino\AppData\Local\GitHub\PortableGit_f02737a78695063deace08e96d5042710d3e32db\cmd;C:\Users\Nino.MSI-Nino\AppData\Local\GitHub\PortableGit_f02737a78695063deace08e96d5042710d3e32db\usr\bin;C:\Users\Nino.MSI-Nino\AppData\Local\GitHub\PortableGit_f02737a78695063deace08e96d5042710d3e32db\usr\share\git-tfs;C:\Users\Nino.MSI-Nino\AppData\Local\Apps\2.0\W5NK1362.PTA\2ZE26D4A.23V\gith..tion_317444273a93ac29_0003.0003_5794af8169eeff14;C:\Users\Nino.MSI-Nino\AppData\Local\GitHub\lfs-amd64_1.5.5;C:\ProgramData\Oracle\Java\javapath;C:\Program Files (x86)\NVIDIA Corporation\PhysX\Common;C:\Program Files (x86)\Intel\iCLS Client\;C:\Program Files\Intel\iCLS Client\;C:\Windows\system32;C:\Windows;C:\Windows\System32\Wbem;C:\Windows\System32\WindowsPowerShell\v1.0\;C:\Program Files (x86)\Windows Live\Shared;C:\Program Files\Intel\Intel(R) Management Engine Components\DAL;C:\Program Files\Intel\Intel(R) Management Engine Components\IPT;C:\Program Files (x86)\Intel\Intel(R) Management Engine Components\DAL;C:\Program Files (x86)\Intel\Intel(R) Management Engine Components\IPT;C:\Program Files\Intel\WiFi\bin\;C:\Program Files\Common Files\Intel\WirelessCommon\;C:\Program Files (x86)\Brackets\command;C:\Program Files (x86)\Skype\Phone\;C:\Program Files\nodejs\;C:\Ruby23\bin;C:\Users\Nino.MSI-Nino\AppData\Local\atom\bin;C:\Users\Nino.MSI-Nino\AppData\Roaming\npm;C:\Windows\Microsoft.NET\Framework\v4.0.30319\
10 verbose lifecycle MD2_webpack@1.0.0~start: CWD: C:\wamp\www\periode3\sct\md2_webpack_assignments
11 silly lifecycle MD2_webpack@1.0.0~start: Args: [ '/d /s /c',
11 silly lifecycle   'webpack-dev-server --hot --inline --host 0.0.0.0' ]
12 silly lifecycle MD2_webpack@1.0.0~start: Returned: code: 3221225786  signal: null
13 info lifecycle MD2_webpack@1.0.0~start: Failed to exec start script
14 verbose stack Error: MD2_webpack@1.0.0 start: `webpack-dev-server --hot --inline --host 0.0.0.0`
14 verbose stack Exit status 3221225786
14 verbose stack     at EventEmitter.<anonymous> (C:\Program Files\nodejs\node_modules\npm\lib\utils\lifecycle.js:279:16)
14 verbose stack     at emitTwo (events.js:106:13)
14 verbose stack     at EventEmitter.emit (events.js:194:7)
14 verbose stack     at ChildProcess.<anonymous> (C:\Program Files\nodejs\node_modules\npm\lib\utils\spawn.js:40:14)
14 verbose stack     at emitTwo (events.js:106:13)
14 verbose stack     at ChildProcess.emit (events.js:194:7)
14 verbose stack     at maybeClose (internal/child_process.js:899:16)
14 verbose stack     at Process.ChildProcess._handle.onexit (internal/child_process.js:226:5)
15 verbose pkgid MD2_webpack@1.0.0
16 verbose cwd C:\wamp\www\periode3\sct\md2_webpack_assignments
17 error Windows_NT 6.3.9600
18 error argv "C:\\Program Files\\nodejs\\node.exe" "C:\\Program Files\\nodejs\\node_modules\\npm\\bin\\npm-cli.js" "start"
19 error node v7.7.1
20 error npm  v4.1.2
21 error code ELIFECYCLE
22 error MD2_webpack@1.0.0 start: `webpack-dev-server --hot --inline --host 0.0.0.0`
22 error Exit status 3221225786
23 error Failed at the MD2_webpack@1.0.0 start script 'webpack-dev-server --hot --inline --host 0.0.0.0'.
23 error Make sure you have the latest version of node.js and npm installed.
23 error If you do, this is most likely a problem with the MD2_webpack package,
23 error not with npm itself.
23 error Tell the author that this fails on your system:
23 error     webpack-dev-server --hot --inline --host 0.0.0.0
23 error You can get information on how to open an issue for this project with:
23 error     npm bugs MD2_webpack
23 error Or if that isn't available, you can get their info via:
23 error     npm owner ls MD2_webpack
23 error There is likely additional logging output above.
24 verbose exit [ 1, true ]
